TN:
SF:src/app/app.component.ts
FNF:0
FNH:0
DA:1,1
DA:2,1
DA:4,1
DA:11,2
LF:4
LH:4
BRF:0
BRH:0
end_of_record
TN:
SF:src/app/core/types/pagina.types.ts
FN:14,filtrarEPaginar
FNF:1
FNH:1
FNDA:2,filtrarEPaginar
DA:14,1
DA:19,2
DA:20,2
DA:22,2
DA:23,2
DA:24,2
DA:26,2
LF:7
LH:7
BRF:0
BRH:0
end_of_record
TN:
SF:src/app/features/users/data-access/users.mock.ts
FNF:0
FNH:0
DA:3,4
LF:1
LH:1
BRF:0
BRH:0
end_of_record
TN:
SF:src/app/features/users/data-access/users.service.ts
FN:11,(anonymous_6)
FN:16,(anonymous_7)
FN:16,(anonymous_8)
FN:22,(anonymous_9)
FN:23,(anonymous_10)
FN:28,(anonymous_11)
FN:29,(anonymous_12)
FN:40,(anonymous_13)
FN:43,(anonymous_14)
FNF:9
FNH:9
FNDA:3,(anonymous_6)
FNDA:1,(anonymous_7)
FNDA:1,(anonymous_8)
FNDA:2,(anonymous_9)
FNDA:2,(anonymous_10)
FNDA:2,(anonymous_11)
FNDA:1,(anonymous_12)
FNDA:1,(anonymous_13)
FNDA:1,(anonymous_14)
DA:1,3
DA:2,3
DA:3,3
DA:5,3
DA:7,3
DA:8,6
DA:9,6
DA:12,3
DA:14,3
DA:15,1
DA:16,1
DA:20,2
DA:23,2
DA:29,2
DA:30,2
DA:35,2
DA:37,2
DA:41,1
DA:43,1
DA:45,1
LF:20
LH:20
BRDA:14,0,0,1
BRDA:29,1,0,1
BRDA:29,1,1,1
BRDA:43,2,0,1
BRDA:43,2,1,0
BRF:5
BRH:4
end_of_record
TN:
SF:src/app/features/users/data-access/users.store.ts
FN:19,(anonymous_5)
FN:16,(anonymous_6)
FN:21,(anonymous_7)
FN:27,(anonymous_8)
FN:28,(anonymous_9)
FN:33,(anonymous_10)
FN:37,(anonymous_11)
FN:41,(anonymous_12)
FN:43,(anonymous_13)
FN:44,(anonymous_14)
FN:50,(anonymous_15)
FN:52,(anonymous_16)
FN:53,(anonymous_17)
FN:54,(anonymous_18)
FNF:14
FNH:14
FNDA:5,(anonymous_5)
FNDA:2,(anonymous_6)
FNDA:6,(anonymous_7)
FNDA:5,(anonymous_8)
FNDA:1,(anonymous_9)
FNDA:6,(anonymous_10)
FNDA:1,(anonymous_11)
FNDA:1,(anonymous_12)
FNDA:1,(anonymous_13)
FNDA:1,(anonymous_14)
FNDA:1,(anonymous_15)
FNDA:1,(anonymous_16)
FNDA:1,(anonymous_17)
FNDA:1,(anonymous_18)
DA:1,2
DA:2,2
DA:4,2
DA:6,2
DA:7,4
DA:8,5
DA:9,5
DA:10,5
DA:11,5
DA:13,5
DA:14,5
DA:15,5
DA:16,5
DA:17,5
DA:19,5
DA:22,6
DA:23,6
DA:24,6
DA:26,6
DA:27,5
DA:29,1
DA:30,1
DA:31,1
DA:33,6
DA:38,1
DA:42,1
DA:44,1
DA:51,1
DA:53,1
DA:54,1
LF:30
LH:30
BRDA:21,0,0,0
BRDA:54,1,0,1
BRDA:54,1,1,0
BRF:3
BRH:1
end_of_record
TN:
SF:src/app/features/users/pages/users-page.component.ts
FN:99,(anonymous_5)
FN:97,(anonymous_6)
FN:105,(anonymous_7)
FN:106,(anonymous_8)
FN:112,(anonymous_9)
FN:113,(anonymous_10)
FN:116,(anonymous_11)
FN:120,(anonymous_12)
FN:127,(anonymous_13)
FN:140,(anonymous_14)
FN:141,(anonymous_15)
FN:147,(anonymous_16)
FN:160,(anonymous_17)
FN:161,(anonymous_18)
FNF:14
FNH:12
FNDA:9,(anonymous_5)
FNDA:1,(anonymous_6)
FNDA:0,(anonymous_7)
FNDA:0,(anonymous_8)
FNDA:1,(anonymous_9)
FNDA:1,(anonymous_10)
FNDA:1,(anonymous_11)
FNDA:1,(anonymous_12)
FNDA:2,(anonymous_13)
FNDA:2,(anonymous_14)
FNDA:1,(anonymous_15)
FNDA:1,(anonymous_16)
FNDA:1,(anonymous_17)
FNDA:1,(anonymous_18)
DA:1,1
DA:2,1
DA:3,1
DA:4,1
DA:5,1
DA:6,1
DA:8,1
DA:9,1
DA:10,1
DA:11,1
DA:13,1
DA:90,2
DA:91,9
DA:92,9
DA:93,9
DA:95,9
DA:96,9
DA:97,9
DA:100,9
DA:105,0
DA:106,0
DA:113,1
DA:117,1
DA:121,1
DA:128,2
DA:136,2
DA:140,2
DA:141,1
DA:148,1
DA:156,1
DA:160,1
DA:161,1
LF:32
LH:30
BRDA:140,0,0,1
BRDA:140,0,1,1
BRDA:160,1,0,1
BRDA:160,1,1,0
BRF:4
BRH:3
end_of_record
TN:
SF:src/app/features/users/ui/user-card.component.ts
FNF:0
FNH:0
DA:1,2
DA:4,2
DA:26,4
DA:27,8
DA:28,8
LF:5
LH:5
BRF:0
BRH:0
end_of_record
TN:
SF:src/app/features/users/ui/user-form-dialog.component.ts
FN:101,(anonymous_5)
FN:113,(anonymous_6)
FNF:2
FNH:2
FNDA:5,(anonymous_5)
FNDA:2,(anonymous_6)
DA:1,2
DA:2,2
DA:3,2
DA:5,2
DA:6,2
DA:13,2
DA:88,4
DA:89,5
DA:90,5
DA:91,5
DA:93,5
DA:102,5
DA:103,2
DA:114,2
DA:115,1
DA:116,1
DA:119,1
LF:17
LH:17
BRDA:102,0,0,2
BRDA:114,1,0,1
BRF:2
BRH:2
end_of_record
TN:
SF:src/app/shared/components/error-state.component.ts
FNF:0
FNH:0
DA:1,2
DA:2,2
DA:4,2
DA:18,4
DA:19,3
DA:20,3
LF:6
LH:6
BRF:0
BRH:0
end_of_record
TN:
SF:src/app/shared/components/loading-state.component.ts
FNF:0
FNH:0
DA:1,2
DA:2,2
DA:4,2
DA:16,4
LF:4
LH:4
BRF:0
BRH:0
end_of_record
TN:
SF:src/app/shared/utils/cpf.util.ts
FN:1,onlyDigits
FN:5,isValidCpf
FN:12,(anonymous_2)
FN:15,(anonymous_3)
FNF:4
FNH:4
FNDA:23,onlyDigits
FNDA:11,isValidCpf
FNDA:16,(anonymous_2)
FNDA:152,(anonymous_3)
DA:1,6
DA:2,23
DA:5,6
DA:6,11
DA:8,11
DA:9,3
DA:12,8
DA:13,16
DA:15,152
DA:17,16
DA:18,16
DA:21,8
DA:22,8
DA:24,8
LF:14
LH:14
BRDA:8,0,0,3
BRDA:8,1,0,11
BRDA:8,1,1,10
BRDA:18,2,0,8
BRDA:18,2,1,8
BRDA:24,3,0,8
BRDA:24,3,1,8
BRF:7
BRH:7
end_of_record
TN:
SF:src/app/shared/utils/phone.util.ts
FN:3,isValidPhone
FNF:1
FNH:1
FNDA:11,isValidPhone
DA:1,4
DA:3,4
DA:4,11
DA:5,11
LF:4
LH:4
BRDA:5,0,0,11
BRDA:5,0,1,10
BRF:2
BRH:2
end_of_record
TN:
SF:src/app/shared/validators/cpf.validator.ts
FN:4,cpfValidator
FN:5,(anonymous_1)
FNF:2
FNH:2
FNDA:8,cpfValidator
FNDA:20,(anonymous_1)
DA:2,3
DA:4,3
DA:5,8
DA:6,20
DA:8,20
DA:9,12
DA:12,8
LF:7
LH:7
BRDA:6,0,0,20
BRDA:6,0,1,0
BRDA:8,1,0,12
BRDA:12,2,0,7
BRDA:12,2,1,1
BRF:5
BRH:4
end_of_record
TN:
SF:src/app/shared/validators/phone.validator.ts
FN:4,phoneValidator
FN:5,(anonymous_1)
FNF:2
FNH:2
FNDA:8,phoneValidator
FNDA:20,(anonymous_1)
DA:2,3
DA:4,3
DA:5,8
DA:6,20
DA:8,20
DA:9,12
DA:12,8
LF:7
LH:7
BRDA:6,0,0,20
BRDA:6,0,1,0
BRDA:8,1,0,12
BRDA:12,2,0,7
BRDA:12,2,1,1
BRF:5
BRH:4
end_of_record
TN:
SF:src/app/store/todo/todo.actions.ts
FNF:0
FNH:0
DA:1,1
DA:4,1
DA:6,1
DA:11,1
DA:16,1
LF:5
LH:5
BRF:0
BRH:0
end_of_record
TN:
SF:src/app/store/todo/todo.effects.ts
FN:13,(anonymous_6)
FN:16,(anonymous_7)
FN:18,(anonymous_8)
FN:19,(anonymous_9)
FNF:4
FNH:0
FNDA:0,(anonymous_6)
FNDA:0,(anonymous_7)
FNDA:0,(anonymous_8)
FNDA:0,(anonymous_9)
DA:1,0
DA:2,0
DA:3,0
DA:4,0
DA:6,0
DA:8,0
DA:9,0
DA:10,0
DA:11,0
DA:13,0
DA:14,0
DA:17,0
DA:18,0
DA:20,0
LF:14
LH:0
BRDA:20,0,0,0
BRDA:20,0,1,0
BRF:2
BRH:0
end_of_record
TN:
SF:src/app/store/todo/todo.reducer.ts
FN:5,(anonymous_0)
FN:9,(anonymous_1)
FN:14,(anonymous_2)
FN:20,(anonymous_3)
FN:25,(anonymous_4)
FN:27,(anonymous_5)
FNF:6
FNH:5
FNDA:0,(anonymous_0)
FNDA:1,(anonymous_1)
FNDA:1,(anonymous_2)
FNDA:1,(anonymous_3)
FNDA:2,(anonymous_4)
FNDA:2,(anonymous_5)
DA:1,1
DA:2,1
DA:3,1
DA:5,1
DA:7,1
DA:9,1
DA:14,1
DA:20,1
DA:25,2
DA:28,2
LF:10
LH:10
BRDA:28,0,0,1
BRDA:28,0,1,1
BRF:2
BRH:2
end_of_record
TN:
SF:src/app/store/todo/todo.selectors.ts
FN:8,(anonymous_0)
FN:13,(anonymous_1)
FN:13,(anonymous_2)
FNF:3
FNH:3
FNDA:1,(anonymous_0)
FNDA:1,(anonymous_1)
FNDA:2,(anonymous_2)
DA:1,1
DA:2,1
DA:4,1
DA:6,1
DA:8,1
DA:11,1
DA:13,2
LF:7
LH:7
BRF:0
BRH:0
end_of_record
TN:
SF:src/app/store/todo/todo.state.ts
FNF:0
FNH:0
DA:9,3
DA:15,3
LF:2
LH:2
BRF:0
BRH:0
end_of_record
